<?xml version="1.0" encoding="UTF-8"?>
<testng-results skipped="0" failed="0" ignored="0" total="4" passed="4">
  <reporter-output>
  </reporter-output>
  <suite name="Default suite" duration-ms="14709" started-at="2019-06-22T11:39:59Z" finished-at="2019-06-22T11:40:14Z">
    <groups>
    </groups>
    <test name="Default test" duration-ms="14709" started-at="2019-06-22T11:39:59Z" finished-at="2019-06-22T11:40:14Z">
      <class name="searchByImage.SearchByImage">
        <test-method status="PASS" signature="beforeTest()[pri:0, instance:searchByImage.SearchByImage@735b5592]" name="beforeTest" is-config="true" duration-ms="4264" started-at="2019-06-22T21:39:59Z" finished-at="2019-06-22T21:40:03Z">
          <reporter-output>
          </reporter-output>
        </test-method> <!-- beforeTest -->
        <test-method status="PASS" signature="searchByImage()[pri:1, instance:searchByImage.SearchByImage@735b5592]" name="searchByImage" duration-ms="6417" started-at="2019-06-22T21:40:03Z" finished-at="2019-06-22T21:40:10Z">
          <reporter-output>
          </reporter-output>
        </test-method> <!-- searchByImage -->
        <test-method status="PASS" signature="takeScreenShot()[pri:2, instance:searchByImage.SearchByImage@735b5592]" name="takeScreenShot" duration-ms="572" started-at="2019-06-22T21:40:10Z" finished-at="2019-06-22T21:40:10Z">
          <reporter-output>
          </reporter-output>
        </test-method> <!-- takeScreenShot -->
        <test-method status="PASS" signature="downloadImage()[pri:3, instance:searchByImage.SearchByImage@735b5592]" name="downloadImage" duration-ms="365" started-at="2019-06-22T21:40:10Z" finished-at="2019-06-22T21:40:11Z">
          <reporter-output>
          </reporter-output>
        </test-method> <!-- downloadImage -->
        <test-method status="PASS" signature="compareImages()[pri:4, instance:searchByImage.SearchByImage@735b5592]" name="compareImages" duration-ms="39" started-at="2019-06-22T21:40:11Z" finished-at="2019-06-22T21:40:11Z">
          <reporter-output>
          </reporter-output>
        </test-method> <!-- compareImages -->
        <test-method status="PASS" signature="afterTest()[pri:0, instance:searchByImage.SearchByImage@735b5592]" name="afterTest" is-config="true" duration-ms="3026" started-at="2019-06-22T21:40:11Z" finished-at="2019-06-22T21:40:14Z">
          <reporter-output>
          </reporter-output>
        </test-method> <!-- afterTest -->
      </class> <!-- searchByImage.SearchByImage -->
    </test> <!-- Default test -->
  </suite> <!-- Default suite -->
</testng-results>
